<?xml version="1.0" encoding="UTF-8"?>
<testng-results ignored="0" total="1" passed="1" failed="0" skipped="0">
  <reporter-output>
  </reporter-output>
  <suite started-at="2022-09-05T00:21:30Z" name="Default suite" finished-at="2022-09-05T00:21:55Z" duration-ms="24966">
    <groups>
      <group name="cucumber">
        <method signature="AbstractTestNGCucumberTests.runScenario(io.cucumber.testng.PickleWrapper, io.cucumber.testng.FeatureWrapper)[pri:0, instance:zoopla.uk.myrunner.MyRunner@6e35bc3d]" name="runScenario" class="io.cucumber.testng.AbstractTestNGCucumberTests"/>
      </group> <!-- cucumber -->
    </groups>
    <test started-at="2022-09-05T00:21:30Z" name="Default test" finished-at="2022-09-05T00:21:55Z" duration-ms="24966">
      <class name="zoopla.uk.myrunner.MyRunner">
        <test-method is-config="true" signature="setUpClass(org.testng.ITestContext)[pri:0, instance:zoopla.uk.myrunner.MyRunner@6e35bc3d]" started-at="2022-09-05T00:21:30Z" name="setUpClass" finished-at="2022-09-05T00:21:31Z" duration-ms="797" status="PASS">
          <params>
            <param index="0">
              <value>
                <![CDATA[org.testng.TestRunner@5cbd94b2]]>
              </value>
            </param>
          </params>
          <reporter-output>
          </reporter-output>
        </test-method> <!-- setUpClass -->
        <test-method signature="runScenario(io.cucumber.testng.PickleWrapper, io.cucumber.testng.FeatureWrapper)[pri:0, instance:zoopla.uk.myrunner.MyRunner@6e35bc3d]" started-at="2022-09-05T00:21:31Z" name="runScenario" description="Runs Cucumber Scenarios" data-provider="scenarios" finished-at="2022-09-05T00:21:54Z" duration-ms="22970" status="PASS">
          <params>
            <param index="0">
              <value>
                <![CDATA["User able to login in to Zoopla application with valid username."]]>
              </value>
            </param>
            <param index="1">
              <value>
                <![CDATA["User able to Login and Logout from Zoopla Application"]]>
              </value>
            </param>
          </params>
          <reporter-output>
          </reporter-output>
        </test-method> <!-- runScenario -->
        <test-method is-config="true" signature="tearDownClass()[pri:0, instance:zoopla.uk.myrunner.MyRunner@6e35bc3d]" started-at="2022-09-05T00:21:54Z" name="tearDownClass" finished-at="2022-09-05T00:21:55Z" duration-ms="1128" status="PASS">
          <reporter-output>
          </reporter-output>
        </test-method> <!-- tearDownClass -->
      </class> <!-- zoopla.uk.myrunner.MyRunner -->
    </test> <!-- Default test -->
  </suite> <!-- Default suite -->
</testng-results>
